<?xml version="1.0" encoding="UTF-8"?>
<!-- Generated by org.testng.reporters.JUnitReportReporter -->
<testsuite skipped="0" hostname="SONA-PC" name="com.xyz.TestCases.AboutUsPageTC_001" tests="1" failures="0" timestamp="28 Nov 2018 09:24:42 GMT" time="17.549" errors="0">
  <testcase name="clickOnAboutUs" time="17.549" classname="com.xyz.TestCases.AboutUsPageTC_001"/>
</testsuite> <!-- com.xyz.TestCases.AboutUsPageTC_001 -->
