<?xml version="1.0" encoding="UTF-8"?>
<!-- Generated by org.testng.reporters.JUnitReportReporter -->
<testsuite skipped="0" hostname="SONA-PC" name="com.xyz.TestCases.ExtentReportFailTestCase" tests="1" failures="0" timestamp="05 Feb 2019 08:32:46 GMT" time="16.886" errors="0">
  <testcase name="login" time="16.886" classname="com.xyz.TestCases.ExtentReportFailTestCase"/>
</testsuite> <!-- com.xyz.TestCases.ExtentReportFailTestCase -->
