<?xml version="1.0" encoding="UTF-8"?>
<!-- Generated by org.testng.reporters.JUnitReportReporter -->
<testsuite skipped="0" hostname="SONA-PC" name="com.xyz.TestCases.HomePageTC_001" tests="1" failures="0" timestamp="31 Dec 2018 05:31:23 GMT" time="5.872" errors="0">
  <testcase name="open_home" time="5.872" classname="com.xyz.TestCases.HomePageTC_001"/>
</testsuite> <!-- com.xyz.TestCases.HomePageTC_001 -->
