<?xml version="1.0" encoding="UTF-8"?>
<!-- Generated by org.testng.reporters.JUnitReportReporter -->
<testsuite skipped="0" hostname="SONA-PC" name="com.xyz.TestCases.BaseClass" tests="1" failures="0" timestamp="26 Dec 2018 08:13:46 GMT" time="14.228" errors="0">
  <testcase name="setup" time="14.228" classname="com.xyz.TestCases.BaseClass"/>
</testsuite> <!-- com.xyz.TestCases.BaseClass -->
